<?xml version="1.0" encoding="UTF-8"?>
<coverage generated="1588810744537" clover="3.2.0">
  <project timestamp="1588810744537" name="All files">
    <metrics statements="67" coveredstatements="56" conditionals="20" coveredconditionals="12" methods="27" coveredmethods="23" elements="114" coveredelements="91" complexity="0" loc="67" ncloc="67" packages="1" files="6" classes="6"/>
    <file name="App.jsx" path="/Users/harrison/Desktop/Hack Reactor/Harrison_Nordstrom_Looks/react-client/src/components/App.jsx">
      <metrics statements="2" coveredstatements="2" conditionals="0" coveredconditionals="0" methods="1" coveredmethods="1"/>
      <line num="4" count="1" type="stmt"/>
      <line num="5" count="1" type="stmt"/>
    </file>
    <file name="Carousel.jsx" path="/Users/harrison/Desktop/Hack Reactor/Harrison_Nordstrom_Looks/react-client/src/components/Carousel.jsx">
      <metrics statements="25" coveredstatements="24" conditionals="14" coveredconditionals="12" methods="9" coveredmethods="9"/>
      <line num="7" count="3" type="stmt"/>
      <line num="20" count="4" type="stmt"/>
      <line num="21" count="4" type="cond" truecount="2" falsecount="0"/>
      <line num="22" count="4" type="stmt"/>
      <line num="29" count="4" type="stmt"/>
      <line num="30" count="4" type="stmt"/>
      <line num="33" count="4" type="cond" truecount="2" falsecount="0"/>
      <line num="34" count="1" type="stmt"/>
      <line num="36" count="4" type="stmt"/>
      <line num="41" count="9" type="cond" truecount="2" falsecount="0"/>
      <line num="42" count="9" type="cond" truecount="1" falsecount="1"/>
      <line num="43" count="0" type="stmt"/>
      <line num="48" count="6" type="stmt"/>
      <line num="49" count="6" type="cond" truecount="2" falsecount="0"/>
      <line num="50" count="4" type="stmt"/>
      <line num="54" count="4" type="stmt"/>
      <line num="55" count="4" type="cond" truecount="1" falsecount="1"/>
      <line num="56" count="4" type="stmt"/>
      <line num="61" count="13" type="stmt"/>
      <line num="64" count="13" type="stmt"/>
      <line num="70" count="13" type="cond" truecount="2" falsecount="0"/>
      <line num="71" count="6" type="stmt"/>
      <line num="72" count="6" type="stmt"/>
      <line num="74" count="13" type="stmt"/>
      <line num="78" count="39" type="stmt"/>
    </file>
    <file name="LeftArrow.jsx" path="/Users/harrison/Desktop/Hack Reactor/Harrison_Nordstrom_Looks/react-client/src/components/LeftArrow.jsx">
      <metrics statements="4" coveredstatements="4" conditionals="0" coveredconditionals="0" methods="2" coveredmethods="2"/>
      <line num="4" count="3" type="stmt"/>
      <line num="19" count="3" type="stmt"/>
      <line num="20" count="12" type="stmt"/>
      <line num="21" count="6" type="stmt"/>
    </file>
    <file name="Look.jsx" path="/Users/harrison/Desktop/Hack Reactor/Harrison_Nordstrom_Looks/react-client/src/components/Look.jsx">
      <metrics statements="28" coveredstatements="18" conditionals="6" coveredconditionals="0" methods="12" coveredmethods="8"/>
      <line num="7" count="2" type="stmt"/>
      <line num="11" count="2" type="stmt"/>
      <line num="19" count="2" type="stmt"/>
      <line num="28" count="4" type="stmt"/>
      <line num="29" count="4" type="stmt"/>
      <line num="33" count="4" type="stmt"/>
      <line num="34" count="4" type="stmt"/>
      <line num="35" count="4" type="stmt"/>
      <line num="39" count="5" type="stmt"/>
      <line num="43" count="1" type="stmt"/>
      <line num="44" count="1" type="stmt"/>
      <line num="48" count="1" type="stmt"/>
      <line num="52" count="4" type="stmt"/>
      <line num="58" count="0" type="stmt"/>
      <line num="59" count="0" type="stmt"/>
      <line num="60" count="0" type="stmt"/>
      <line num="61" count="0" type="cond" truecount="0" falsecount="2"/>
      <line num="62" count="0" type="stmt"/>
      <line num="64" count="0" type="stmt"/>
      <line num="66" count="0" type="stmt"/>
      <line num="67" count="0" type="stmt"/>
      <line num="76" count="6" type="stmt"/>
      <line num="81" count="6" type="stmt"/>
      <line num="82" count="6" type="stmt"/>
      <line num="83" count="0" type="cond" truecount="0" falsecount="4"/>
      <line num="84" count="0" type="stmt"/>
      <line num="88" count="6" type="stmt"/>
      <line num="94" count="1" type="stmt"/>
    </file>
    <file name="Picture.jsx" path="/Users/harrison/Desktop/Hack Reactor/Harrison_Nordstrom_Looks/react-client/src/components/Picture.jsx">
      <metrics statements="4" coveredstatements="4" conditionals="0" coveredconditionals="0" methods="1" coveredmethods="1"/>
      <line num="4" count="3" type="stmt"/>
      <line num="10" count="3" type="stmt"/>
      <line num="15" count="3" type="stmt"/>
      <line num="16" count="36" type="stmt"/>
    </file>
    <file name="RightArrow.jsx" path="/Users/harrison/Desktop/Hack Reactor/Harrison_Nordstrom_Looks/react-client/src/components/RightArrow.jsx">
      <metrics statements="4" coveredstatements="4" conditionals="0" coveredconditionals="0" methods="2" coveredmethods="2"/>
      <line num="4" count="3" type="stmt"/>
      <line num="19" count="3" type="stmt"/>
      <line num="20" count="12" type="stmt"/>
      <line num="21" count="4" type="stmt"/>
    </file>
  </project>
</coverage>
