<?xml version="1.0" encoding="UTF-8"?>
<coverage generated="1588813719691" clover="3.2.0">
  <project timestamp="1588813719691" name="All files">
    <metrics statements="66" coveredstatements="56" conditionals="20" coveredconditionals="14" methods="25" coveredmethods="21" elements="111" coveredelements="91" complexity="0" loc="66" ncloc="66" packages="1" files="6" classes="6"/>
    <file name="App.jsx" path="/Users/harrison/Desktop/Hack Reactor/Harrison_Nordstrom_Looks/react-client/src/components/App.jsx">
      <metrics statements="2" coveredstatements="2" conditionals="0" coveredconditionals="0" methods="1" coveredmethods="1"/>
      <line num="4" count="1" type="stmt"/>
      <line num="5" count="1" type="stmt"/>
    </file>
    <file name="Carousel.jsx" path="/Users/harrison/Desktop/Hack Reactor/Harrison_Nordstrom_Looks/react-client/src/components/Carousel.jsx">
      <metrics statements="24" coveredstatements="24" conditionals="14" coveredconditionals="14" methods="7" coveredmethods="7"/>
      <line num="7" count="3" type="stmt"/>
      <line num="20" count="6" type="stmt"/>
      <line num="21" count="6" type="cond" truecount="2" falsecount="0"/>
      <line num="22" count="6" type="stmt"/>
      <line num="29" count="6" type="stmt"/>
      <line num="30" count="6" type="stmt"/>
      <line num="33" count="6" type="cond" truecount="2" falsecount="0"/>
      <line num="34" count="3" type="stmt"/>
      <line num="40" count="13" type="cond" truecount="2" falsecount="0"/>
      <line num="41" count="13" type="cond" truecount="2" falsecount="0"/>
      <line num="42" count="1" type="stmt"/>
      <line num="47" count="6" type="stmt"/>
      <line num="48" count="6" type="cond" truecount="2" falsecount="0"/>
      <line num="49" count="4" type="stmt"/>
      <line num="53" count="6" type="stmt"/>
      <line num="54" count="6" type="cond" truecount="2" falsecount="0"/>
      <line num="55" count="4" type="stmt"/>
      <line num="60" count="19" type="stmt"/>
      <line num="63" count="19" type="stmt"/>
      <line num="69" count="19" type="cond" truecount="2" falsecount="0"/>
      <line num="70" count="12" type="stmt"/>
      <line num="71" count="12" type="stmt"/>
      <line num="73" count="19" type="stmt"/>
      <line num="77" count="57" type="stmt"/>
    </file>
    <file name="LeftArrow.jsx" path="/Users/harrison/Desktop/Hack Reactor/Harrison_Nordstrom_Looks/react-client/src/components/LeftArrow.jsx">
      <metrics statements="4" coveredstatements="4" conditionals="0" coveredconditionals="0" methods="2" coveredmethods="2"/>
      <line num="4" count="3" type="stmt"/>
      <line num="19" count="3" type="stmt"/>
      <line num="20" count="18" type="stmt"/>
      <line num="21" count="6" type="stmt"/>
    </file>
    <file name="Look.jsx" path="/Users/harrison/Desktop/Hack Reactor/Harrison_Nordstrom_Looks/react-client/src/components/Look.jsx">
      <metrics statements="28" coveredstatements="18" conditionals="6" coveredconditionals="0" methods="12" coveredmethods="8"/>
      <line num="7" count="2" type="stmt"/>
      <line num="11" count="2" type="stmt"/>
      <line num="19" count="2" type="stmt"/>
      <line num="28" count="4" type="stmt"/>
      <line num="29" count="4" type="stmt"/>
      <line num="33" count="4" type="stmt"/>
      <line num="34" count="4" type="stmt"/>
      <line num="35" count="4" type="stmt"/>
      <line num="39" count="5" type="stmt"/>
      <line num="43" count="1" type="stmt"/>
      <line num="44" count="1" type="stmt"/>
      <line num="48" count="1" type="stmt"/>
      <line num="52" count="4" type="stmt"/>
      <line num="58" count="0" type="stmt"/>
      <line num="59" count="0" type="stmt"/>
      <line num="60" count="0" type="stmt"/>
      <line num="61" count="0" type="cond" truecount="0" falsecount="2"/>
      <line num="62" count="0" type="stmt"/>
      <line num="64" count="0" type="stmt"/>
      <line num="66" count="0" type="stmt"/>
      <line num="67" count="0" type="stmt"/>
      <line num="76" count="6" type="stmt"/>
      <line num="81" count="6" type="stmt"/>
      <line num="82" count="6" type="stmt"/>
      <line num="83" count="0" type="cond" truecount="0" falsecount="4"/>
      <line num="84" count="0" type="stmt"/>
      <line num="88" count="6" type="stmt"/>
      <line num="94" count="1" type="stmt"/>
    </file>
    <file name="Picture.jsx" path="/Users/harrison/Desktop/Hack Reactor/Harrison_Nordstrom_Looks/react-client/src/components/Picture.jsx">
      <metrics statements="4" coveredstatements="4" conditionals="0" coveredconditionals="0" methods="1" coveredmethods="1"/>
      <line num="4" count="3" type="stmt"/>
      <line num="10" count="3" type="stmt"/>
      <line num="15" count="3" type="stmt"/>
      <line num="16" count="54" type="stmt"/>
    </file>
    <file name="RightArrow.jsx" path="/Users/harrison/Desktop/Hack Reactor/Harrison_Nordstrom_Looks/react-client/src/components/RightArrow.jsx">
      <metrics statements="4" coveredstatements="4" conditionals="0" coveredconditionals="0" methods="2" coveredmethods="2"/>
      <line num="4" count="3" type="stmt"/>
      <line num="19" count="3" type="stmt"/>
      <line num="20" count="18" type="stmt"/>
      <line num="21" count="6" type="stmt"/>
    </file>
  </project>
</coverage>
