{"/Users/harrison/Desktop/Hack Reactor/Harrison_Nordstrom_Looks/react-client/src/components/App.jsx": {"path":"/Users/harrison/Desktop/Hack Reactor/Harrison_Nordstrom_Looks/react-client/src/components/App.jsx","statementMap":{"0":{"start":{"line":4,"column":12},"end":{"line":8,"column":1}},"1":{"start":{"line":5,"column":2},"end":{"line":7,"column":4}}},"fnMap":{"0":{"name":"(anonymous_0)","decl":{"start":{"line":4,"column":12},"end":{"line":4,"column":13}},"loc":{"start":{"line":4,"column":18},"end":{"line":8,"column":1}},"line":4}},"branchMap":{},"s":{"0":1,"1":1},"f":{"0":1},"b":{},"_coverageSchema":"1a1c01bbd47fc00a2c39e90264f33305004495a9","hash":"c37512d6a86723eb2afe8ef373c72af292a46f41"}
,"/Users/harrison/Desktop/Hack Reactor/Harrison_Nordstrom_Looks/react-client/src/components/Carousel.jsx": {"path":"/Users/harrison/Desktop/Hack Reactor/Harrison_Nordstrom_Looks/react-client/src/components/Carousel.jsx","statementMap":{"0":{"start":{"line":7,"column":12},"end":{"line":16,"column":1}},"1":{"start":{"line":20,"column":4},"end":{"line":20,"column":17}},"2":{"start":{"line":21,"column":17},"end":{"line":21,"column":64}},"3":{"start":{"line":22,"column":4},"end":{"line":28,"column":6}},"4":{"start":{"line":29,"column":4},"end":{"line":29,"column":47}},"5":{"start":{"line":30,"column":4},"end":{"line":30,"column":49}},"6":{"start":{"line":33,"column":4},"end":{"line":35,"column":5}},"7":{"start":{"line":34,"column":6},"end":{"line":34,"column":44}},"8":{"start":{"line":40,"column":25},"end":{"line":40,"column":77}},"9":{"start":{"line":41,"column":4},"end":{"line":43,"column":5}},"10":{"start":{"line":42,"column":6},"end":{"line":42,"column":80}},"11":{"start":{"line":47,"column":22},"end":{"line":47,"column":48}},"12":{"start":{"line":48,"column":4},"end":{"line":50,"column":5}},"13":{"start":{"line":49,"column":6},"end":{"line":49,"column":70}},"14":{"start":{"line":53,"column":22},"end":{"line":53,"column":48}},"15":{"start":{"line":54,"column":4},"end":{"line":56,"column":5}},"16":{"start":{"line":55,"column":6},"end":{"line":55,"column":70}},"17":{"start":{"line":60,"column":15},"end":{"line":60,"column":41}},"18":{"start":{"line":63,"column":19},"end":{"line":67,"column":5}},"19":{"start":{"line":69,"column":4},"end":{"line":72,"column":5}},"20":{"start":{"line":70,"column":6},"end":{"line":70,"column":35}},"21":{"start":{"line":71,"column":6},"end":{"line":71,"column":38}},"22":{"start":{"line":73,"column":4},"end":{"line":83,"column":6}},"23":{"start":{"line":77,"column":10},"end":{"line":79,"column":12}}},"fnMap":{"0":{"name":"(anonymous_0)","decl":{"start":{"line":19,"column":2},"end":{"line":19,"column":3}},"loc":{"start":{"line":19,"column":21},"end":{"line":31,"column":3}},"line":19},"1":{"name":"(anonymous_1)","decl":{"start":{"line":32,"column":2},"end":{"line":32,"column":3}},"loc":{"start":{"line":32,"column":22},"end":{"line":36,"column":3}},"line":32},"2":{"name":"(anonymous_2)","decl":{"start":{"line":38,"column":2},"end":{"line":38,"column":3}},"loc":{"start":{"line":38,"column":32},"end":{"line":44,"column":3}},"line":38},"3":{"name":"(anonymous_3)","decl":{"start":{"line":46,"column":2},"end":{"line":46,"column":3}},"loc":{"start":{"line":46,"column":14},"end":{"line":51,"column":3}},"line":46},"4":{"name":"(anonymous_4)","decl":{"start":{"line":52,"column":2},"end":{"line":52,"column":3}},"loc":{"start":{"line":52,"column":15},"end":{"line":57,"column":3}},"line":52},"5":{"name":"(anonymous_5)","decl":{"start":{"line":59,"column":2},"end":{"line":59,"column":3}},"loc":{"start":{"line":59,"column":11},"end":{"line":84,"column":3}},"line":59},"6":{"name":"(anonymous_6)","decl":{"start":{"line":76,"column":30},"end":{"line":76,"column":31}},"loc":{"start":{"line":76,"column":40},"end":{"line":80,"column":9}},"line":76}},"branchMap":{"0":{"loc":{"start":{"line":21,"column":17},"end":{"line":21,"column":64}},"type":"cond-expr","locations":[{"start":{"line":21,"column":55},"end":{"line":21,"column":58}},{"start":{"line":21,"column":61},"end":{"line":21,"column":64}}],"line":21},"1":{"loc":{"start":{"line":33,"column":4},"end":{"line":35,"column":5}},"type":"if","locations":[{"start":{"line":33,"column":4},"end":{"line":35,"column":5}},{"start":{"line":33,"column":4},"end":{"line":35,"column":5}}],"line":33},"2":{"loc":{"start":{"line":40,"column":25},"end":{"line":40,"column":77}},"type":"cond-expr","locations":[{"start":{"line":40,"column":68},"end":{"line":40,"column":71}},{"start":{"line":40,"column":74},"end":{"line":40,"column":77}}],"line":40},"3":{"loc":{"start":{"line":41,"column":4},"end":{"line":43,"column":5}},"type":"if","locations":[{"start":{"line":41,"column":4},"end":{"line":43,"column":5}},{"start":{"line":41,"column":4},"end":{"line":43,"column":5}}],"line":41},"4":{"loc":{"start":{"line":48,"column":4},"end":{"line":50,"column":5}},"type":"if","locations":[{"start":{"line":48,"column":4},"end":{"line":50,"column":5}},{"start":{"line":48,"column":4},"end":{"line":50,"column":5}}],"line":48},"5":{"loc":{"start":{"line":54,"column":4},"end":{"line":56,"column":5}},"type":"if","locations":[{"start":{"line":54,"column":4},"end":{"line":56,"column":5}},{"start":{"line":54,"column":4},"end":{"line":56,"column":5}}],"line":54},"6":{"loc":{"start":{"line":69,"column":4},"end":{"line":72,"column":5}},"type":"if","locations":[{"start":{"line":69,"column":4},"end":{"line":72,"column":5}},{"start":{"line":69,"column":4},"end":{"line":72,"column":5}}],"line":69}},"s":{"0":3,"1":6,"2":6,"3":6,"4":6,"5":6,"6":6,"7":3,"8":13,"9":13,"10":1,"11":6,"12":6,"13":4,"14":6,"15":6,"16":4,"17":19,"18":19,"19":19,"20":12,"21":12,"22":19,"23":57},"f":{"0":6,"1":6,"2":13,"3":6,"4":6,"5":19,"6":57},"b":{"0":[3,3],"1":[3,3],"2":[7,6],"3":[1,12],"4":[4,2],"5":[4,2],"6":[12,7]},"_coverageSchema":"1a1c01bbd47fc00a2c39e90264f33305004495a9","hash":"5a580b690852703d6135d1e4e8da3b08d8b9c0b2"}
,"/Users/harrison/Desktop/Hack Reactor/Harrison_Nordstrom_Looks/react-client/src/components/LeftArrow.jsx": {"path":"/Users/harrison/Desktop/Hack Reactor/Harrison_Nordstrom_Looks/react-client/src/components/LeftArrow.jsx","statementMap":{"0":{"start":{"line":4,"column":14},"end":{"line":17,"column":1}},"1":{"start":{"line":19,"column":18},"end":{"line":25,"column":1}},"2":{"start":{"line":20,"column":2},"end":{"line":24,"column":4}},"3":{"start":{"line":21,"column":26},"end":{"line":21,"column":44}}},"fnMap":{"0":{"name":"(anonymous_0)","decl":{"start":{"line":19,"column":18},"end":{"line":19,"column":19}},"loc":{"start":{"line":19,"column":29},"end":{"line":25,"column":1}},"line":19},"1":{"name":"(anonymous_1)","decl":{"start":{"line":21,"column":20},"end":{"line":21,"column":21}},"loc":{"start":{"line":21,"column":24},"end":{"line":21,"column":46}},"line":21}},"branchMap":{},"s":{"0":3,"1":3,"2":18,"3":6},"f":{"0":18,"1":6},"b":{},"_coverageSchema":"1a1c01bbd47fc00a2c39e90264f33305004495a9","hash":"1d2ad6236665bbf3695f89bdbe85b132b98e6dcd"}
,"/Users/harrison/Desktop/Hack Reactor/Harrison_Nordstrom_Looks/react-client/src/components/Look.jsx": {"path":"/Users/harrison/Desktop/Hack Reactor/Harrison_Nordstrom_Looks/react-client/src/components/Look.jsx","statementMap":{"0":{"start":{"line":7,"column":18},"end":{"line":10,"column":1}},"1":{"start":{"line":11,"column":18},"end":{"line":18,"column":1}},"2":{"start":{"line":19,"column":19},"end":{"line":24,"column":1}},"3":{"start":{"line":28,"column":4},"end":{"line":28,"column":17}},"4":{"start":{"line":29,"column":4},"end":{"line":32,"column":6}},"5":{"start":{"line":33,"column":4},"end":{"line":33,"column":51}},"6":{"start":{"line":34,"column":4},"end":{"line":34,"column":49}},"7":{"start":{"line":35,"column":4},"end":{"line":35,"column":59}},"8":{"start":{"line":39,"column":4},"end":{"line":39,"column":45}},"9":{"start":{"line":43,"column":4},"end":{"line":47,"column":7}},"10":{"start":{"line":44,"column":6},"end":{"line":46,"column":8}},"11":{"start":{"line":48,"column":4},"end":{"line":48,"column":45}},"12":{"start":{"line":52,"column":4},"end":{"line":72,"column":9}},"13":{"start":{"line":58,"column":23},"end":{"line":58,"column":36}},"14":{"start":{"line":59,"column":22},"end":{"line":59,"column":24}},"15":{"start":{"line":60,"column":8},"end":{"line":65,"column":9}},"16":{"start":{"line":60,"column":21},"end":{"line":60,"column":22}},"17":{"start":{"line":61,"column":10},"end":{"line":63,"column":11}},"18":{"start":{"line":62,"column":12},"end":{"line":62,"column":43}},"19":{"start":{"line":64,"column":10},"end":{"line":64,"column":54}},"20":{"start":{"line":66,"column":23},"end":{"line":66,"column":45}},"21":{"start":{"line":67,"column":8},"end":{"line":67,"column":69}},"22":{"start":{"line":67,"column":44},"end":{"line":67,"column":67}},"23":{"start":{"line":76,"column":4},"end":{"line":76,"column":42}},"24":{"start":{"line":81,"column":16},"end":{"line":81,"column":38}},"25":{"start":{"line":82,"column":14},"end":{"line":87,"column":5}},"26":{"start":{"line":83,"column":18},"end":{"line":83,"column":95}},"27":{"start":{"line":84,"column":6},"end":{"line":85,"column":8}},"28":{"start":{"line":88,"column":4},"end":{"line":98,"column":6}},"29":{"start":{"line":94,"column":60},"end":{"line":94,"column":78}}},"fnMap":{"0":{"name":"(anonymous_0)","decl":{"start":{"line":27,"column":2},"end":{"line":27,"column":3}},"loc":{"start":{"line":27,"column":21},"end":{"line":36,"column":3}},"line":27},"1":{"name":"(anonymous_1)","decl":{"start":{"line":38,"column":2},"end":{"line":38,"column":3}},"loc":{"start":{"line":38,"column":22},"end":{"line":40,"column":3}},"line":38},"2":{"name":"(anonymous_2)","decl":{"start":{"line":42,"column":2},"end":{"line":42,"column":3}},"loc":{"start":{"line":42,"column":15},"end":{"line":49,"column":3}},"line":42},"3":{"name":"(anonymous_3)","decl":{"start":{"line":43,"column":18},"end":{"line":43,"column":19}},"loc":{"start":{"line":43,"column":33},"end":{"line":47,"column":5}},"line":43},"4":{"name":"(anonymous_4)","decl":{"start":{"line":51,"column":2},"end":{"line":51,"column":3}},"loc":{"start":{"line":51,"column":18},"end":{"line":73,"column":3}},"line":51},"5":{"name":"(anonymous_5)","decl":{"start":{"line":57,"column":12},"end":{"line":57,"column":13}},"loc":{"start":{"line":57,"column":26},"end":{"line":68,"column":7}},"line":57},"6":{"name":"(anonymous_6)","decl":{"start":{"line":67,"column":40},"end":{"line":67,"column":41}},"loc":{"start":{"line":67,"column":44},"end":{"line":67,"column":67}},"line":67},"7":{"name":"(anonymous_7)","decl":{"start":{"line":69,"column":13},"end":{"line":69,"column":14}},"loc":{"start":{"line":69,"column":22},"end":{"line":72,"column":7}},"line":69},"8":{"name":"(anonymous_8)","decl":{"start":{"line":75,"column":2},"end":{"line":75,"column":3}},"loc":{"start":{"line":75,"column":20},"end":{"line":77,"column":3}},"line":75},"9":{"name":"(anonymous_9)","decl":{"start":{"line":80,"column":2},"end":{"line":80,"column":3}},"loc":{"start":{"line":80,"column":11},"end":{"line":99,"column":3}},"line":80},"10":{"name":"(anonymous_10)","decl":{"start":{"line":82,"column":24},"end":{"line":82,"column":25}},"loc":{"start":{"line":82,"column":35},"end":{"line":86,"column":5}},"line":82},"11":{"name":"(anonymous_11)","decl":{"start":{"line":94,"column":53},"end":{"line":94,"column":54}},"loc":{"start":{"line":94,"column":58},"end":{"line":94,"column":80}},"line":94}},"branchMap":{"0":{"loc":{"start":{"line":61,"column":10},"end":{"line":63,"column":11}},"type":"if","locations":[{"start":{"line":61,"column":10},"end":{"line":63,"column":11}},{"start":{"line":61,"column":10},"end":{"line":63,"column":11}}],"line":61},"1":{"loc":{"start":{"line":83,"column":18},"end":{"line":83,"column":95}},"type":"cond-expr","locations":[{"start":{"line":83,"column":50},"end":{"line":83,"column":52}},{"start":{"line":83,"column":55},"end":{"line":83,"column":95}}],"line":83},"2":{"loc":{"start":{"line":83,"column":55},"end":{"line":83,"column":95}},"type":"cond-expr","locations":[{"start":{"line":83,"column":90},"end":{"line":83,"column":91}},{"start":{"line":83,"column":94},"end":{"line":83,"column":95}}],"line":83}},"s":{"0":2,"1":2,"2":2,"3":4,"4":4,"5":4,"6":4,"7":4,"8":5,"9":1,"10":1,"11":1,"12":4,"13":0,"14":0,"15":0,"16":0,"17":0,"18":0,"19":0,"20":0,"21":0,"22":0,"23":6,"24":6,"25":6,"26":0,"27":0,"28":6,"29":1},"f":{"0":4,"1":5,"2":1,"3":1,"4":4,"5":0,"6":0,"7":0,"8":6,"9":6,"10":0,"11":1},"b":{"0":[0,0],"1":[0,0],"2":[0,0]},"_coverageSchema":"1a1c01bbd47fc00a2c39e90264f33305004495a9","hash":"a2f5c7dfcbfc1f4939bb0133c3e83efd96798bd3"}
,"/Users/harrison/Desktop/Hack Reactor/Harrison_Nordstrom_Looks/react-client/src/components/Picture.jsx": {"path":"/Users/harrison/Desktop/Hack Reactor/Harrison_Nordstrom_Looks/react-client/src/components/Picture.jsx","statementMap":{"0":{"start":{"line":4,"column":16},"end":{"line":9,"column":1}},"1":{"start":{"line":10,"column":16},"end":{"line":13,"column":1}},"2":{"start":{"line":15,"column":17},"end":{"line":23,"column":1}},"3":{"start":{"line":16,"column":2},"end":{"line":22,"column":4}}},"fnMap":{"0":{"name":"(anonymous_0)","decl":{"start":{"line":15,"column":17},"end":{"line":15,"column":18}},"loc":{"start":{"line":15,"column":28},"end":{"line":23,"column":1}},"line":15}},"branchMap":{},"s":{"0":3,"1":3,"2":3,"3":54},"f":{"0":54},"b":{},"_coverageSchema":"1a1c01bbd47fc00a2c39e90264f33305004495a9","hash":"88287e421d36c17b43c392a33f1efa28b34a12e1"}
,"/Users/harrison/Desktop/Hack Reactor/Harrison_Nordstrom_Looks/react-client/src/components/RightArrow.jsx": {"path":"/Users/harrison/Desktop/Hack Reactor/Harrison_Nordstrom_Looks/react-client/src/components/RightArrow.jsx","statementMap":{"0":{"start":{"line":4,"column":14},"end":{"line":17,"column":1}},"1":{"start":{"line":19,"column":19},"end":{"line":25,"column":1}},"2":{"start":{"line":20,"column":2},"end":{"line":24,"column":4}},"3":{"start":{"line":21,"column":26},"end":{"line":21,"column":45}}},"fnMap":{"0":{"name":"(anonymous_0)","decl":{"start":{"line":19,"column":19},"end":{"line":19,"column":20}},"loc":{"start":{"line":19,"column":30},"end":{"line":25,"column":1}},"line":19},"1":{"name":"(anonymous_1)","decl":{"start":{"line":21,"column":20},"end":{"line":21,"column":21}},"loc":{"start":{"line":21,"column":24},"end":{"line":21,"column":47}},"line":21}},"branchMap":{},"s":{"0":3,"1":3,"2":18,"3":6},"f":{"0":18,"1":6},"b":{},"_coverageSchema":"1a1c01bbd47fc00a2c39e90264f33305004495a9","hash":"a91f24566d50d90f16dfdff0cf1baef0def8c60f"}
}
