{"/Users/harrison/Desktop/Hack Reactor/Harrison_Nordstrom_Looks/react-client/src/components/App.jsx": {"path":"/Users/harrison/Desktop/Hack Reactor/Harrison_Nordstrom_Looks/react-client/src/components/App.jsx","statementMap":{"0":{"start":{"line":4,"column":12},"end":{"line":8,"column":1}},"1":{"start":{"line":5,"column":2},"end":{"line":7,"column":4}}},"fnMap":{"0":{"name":"(anonymous_0)","decl":{"start":{"line":4,"column":12},"end":{"line":4,"column":13}},"loc":{"start":{"line":4,"column":18},"end":{"line":8,"column":1}},"line":4}},"branchMap":{},"s":{"0":1,"1":1},"f":{"0":1},"b":{},"_coverageSchema":"1a1c01bbd47fc00a2c39e90264f33305004495a9","hash":"c37512d6a86723eb2afe8ef373c72af292a46f41"}
,"/Users/harrison/Desktop/Hack Reactor/Harrison_Nordstrom_Looks/react-client/src/components/Carousel.jsx": {"path":"/Users/harrison/Desktop/Hack Reactor/Harrison_Nordstrom_Looks/react-client/src/components/Carousel.jsx","statementMap":{"0":{"start":{"line":7,"column":12},"end":{"line":16,"column":1}},"1":{"start":{"line":20,"column":4},"end":{"line":20,"column":17}},"2":{"start":{"line":21,"column":17},"end":{"line":21,"column":64}},"3":{"start":{"line":22,"column":4},"end":{"line":28,"column":6}},"4":{"start":{"line":29,"column":4},"end":{"line":29,"column":47}},"5":{"start":{"line":30,"column":4},"end":{"line":30,"column":49}},"6":{"start":{"line":33,"column":4},"end":{"line":35,"column":5}},"7":{"start":{"line":34,"column":6},"end":{"line":34,"column":44}},"8":{"start":{"line":36,"column":4},"end":{"line":36,"column":37}},"9":{"start":{"line":41,"column":25},"end":{"line":41,"column":77}},"10":{"start":{"line":42,"column":4},"end":{"line":42,"column":50}},"11":{"start":{"line":43,"column":4},"end":{"line":45,"column":5}},"12":{"start":{"line":44,"column":6},"end":{"line":44,"column":80}},"13":{"start":{"line":49,"column":22},"end":{"line":49,"column":48}},"14":{"start":{"line":50,"column":4},"end":{"line":52,"column":5}},"15":{"start":{"line":51,"column":6},"end":{"line":51,"column":115}},"16":{"start":{"line":51,"column":74},"end":{"line":51,"column":113}},"17":{"start":{"line":55,"column":22},"end":{"line":55,"column":48}},"18":{"start":{"line":56,"column":4},"end":{"line":58,"column":5}},"19":{"start":{"line":57,"column":6},"end":{"line":57,"column":115}},"20":{"start":{"line":57,"column":74},"end":{"line":57,"column":113}},"21":{"start":{"line":62,"column":15},"end":{"line":62,"column":41}},"22":{"start":{"line":65,"column":19},"end":{"line":69,"column":5}},"23":{"start":{"line":71,"column":4},"end":{"line":74,"column":5}},"24":{"start":{"line":72,"column":6},"end":{"line":72,"column":35}},"25":{"start":{"line":73,"column":6},"end":{"line":73,"column":38}},"26":{"start":{"line":75,"column":4},"end":{"line":75,"column":26}},"27":{"start":{"line":76,"column":4},"end":{"line":86,"column":6}},"28":{"start":{"line":80,"column":10},"end":{"line":82,"column":12}}},"fnMap":{"0":{"name":"(anonymous_0)","decl":{"start":{"line":19,"column":2},"end":{"line":19,"column":3}},"loc":{"start":{"line":19,"column":21},"end":{"line":31,"column":3}},"line":19},"1":{"name":"(anonymous_1)","decl":{"start":{"line":32,"column":2},"end":{"line":32,"column":3}},"loc":{"start":{"line":32,"column":22},"end":{"line":37,"column":3}},"line":32},"2":{"name":"(anonymous_2)","decl":{"start":{"line":39,"column":2},"end":{"line":39,"column":3}},"loc":{"start":{"line":39,"column":32},"end":{"line":46,"column":3}},"line":39},"3":{"name":"(anonymous_3)","decl":{"start":{"line":48,"column":2},"end":{"line":48,"column":3}},"loc":{"start":{"line":48,"column":14},"end":{"line":53,"column":3}},"line":48},"4":{"name":"(anonymous_4)","decl":{"start":{"line":51,"column":70},"end":{"line":51,"column":71}},"loc":{"start":{"line":51,"column":74},"end":{"line":51,"column":113}},"line":51},"5":{"name":"(anonymous_5)","decl":{"start":{"line":54,"column":2},"end":{"line":54,"column":3}},"loc":{"start":{"line":54,"column":15},"end":{"line":59,"column":3}},"line":54},"6":{"name":"(anonymous_6)","decl":{"start":{"line":57,"column":70},"end":{"line":57,"column":71}},"loc":{"start":{"line":57,"column":74},"end":{"line":57,"column":113}},"line":57},"7":{"name":"(anonymous_7)","decl":{"start":{"line":61,"column":2},"end":{"line":61,"column":3}},"loc":{"start":{"line":61,"column":11},"end":{"line":87,"column":3}},"line":61},"8":{"name":"(anonymous_8)","decl":{"start":{"line":79,"column":30},"end":{"line":79,"column":31}},"loc":{"start":{"line":79,"column":40},"end":{"line":83,"column":9}},"line":79}},"branchMap":{"0":{"loc":{"start":{"line":21,"column":17},"end":{"line":21,"column":64}},"type":"cond-expr","locations":[{"start":{"line":21,"column":55},"end":{"line":21,"column":58}},{"start":{"line":21,"column":61},"end":{"line":21,"column":64}}],"line":21},"1":{"loc":{"start":{"line":33,"column":4},"end":{"line":35,"column":5}},"type":"if","locations":[{"start":{"line":33,"column":4},"end":{"line":35,"column":5}},{"start":{"line":33,"column":4},"end":{"line":35,"column":5}}],"line":33},"2":{"loc":{"start":{"line":41,"column":25},"end":{"line":41,"column":77}},"type":"cond-expr","locations":[{"start":{"line":41,"column":68},"end":{"line":41,"column":71}},{"start":{"line":41,"column":74},"end":{"line":41,"column":77}}],"line":41},"3":{"loc":{"start":{"line":43,"column":4},"end":{"line":45,"column":5}},"type":"if","locations":[{"start":{"line":43,"column":4},"end":{"line":45,"column":5}},{"start":{"line":43,"column":4},"end":{"line":45,"column":5}}],"line":43},"4":{"loc":{"start":{"line":50,"column":4},"end":{"line":52,"column":5}},"type":"if","locations":[{"start":{"line":50,"column":4},"end":{"line":52,"column":5}},{"start":{"line":50,"column":4},"end":{"line":52,"column":5}}],"line":50},"5":{"loc":{"start":{"line":56,"column":4},"end":{"line":58,"column":5}},"type":"if","locations":[{"start":{"line":56,"column":4},"end":{"line":58,"column":5}},{"start":{"line":56,"column":4},"end":{"line":58,"column":5}}],"line":56},"6":{"loc":{"start":{"line":71,"column":4},"end":{"line":74,"column":5}},"type":"if","locations":[{"start":{"line":71,"column":4},"end":{"line":74,"column":5}},{"start":{"line":71,"column":4},"end":{"line":74,"column":5}}],"line":71}},"s":{"0":3,"1":4,"2":4,"3":4,"4":4,"5":4,"6":4,"7":1,"8":4,"9":9,"10":9,"11":9,"12":0,"13":6,"14":6,"15":4,"16":4,"17":4,"18":4,"19":4,"20":4,"21":13,"22":13,"23":13,"24":6,"25":6,"26":13,"27":13,"28":39},"f":{"0":4,"1":4,"2":9,"3":6,"4":4,"5":4,"6":4,"7":13,"8":39},"b":{"0":[1,3],"1":[1,3],"2":[5,4],"3":[0,9],"4":[4,2],"5":[4,0],"6":[6,7]},"_coverageSchema":"1a1c01bbd47fc00a2c39e90264f33305004495a9","hash":"502186e78d678a3a5148ae8d38baf300d7c72e39"}
,"/Users/harrison/Desktop/Hack Reactor/Harrison_Nordstrom_Looks/react-client/src/components/LeftArrow.jsx": {"path":"/Users/harrison/Desktop/Hack Reactor/Harrison_Nordstrom_Looks/react-client/src/components/LeftArrow.jsx","statementMap":{"0":{"start":{"line":4,"column":14},"end":{"line":17,"column":1}},"1":{"start":{"line":19,"column":18},"end":{"line":25,"column":1}},"2":{"start":{"line":20,"column":2},"end":{"line":24,"column":4}},"3":{"start":{"line":21,"column":26},"end":{"line":21,"column":44}}},"fnMap":{"0":{"name":"(anonymous_0)","decl":{"start":{"line":19,"column":18},"end":{"line":19,"column":19}},"loc":{"start":{"line":19,"column":29},"end":{"line":25,"column":1}},"line":19},"1":{"name":"(anonymous_1)","decl":{"start":{"line":21,"column":20},"end":{"line":21,"column":21}},"loc":{"start":{"line":21,"column":24},"end":{"line":21,"column":46}},"line":21}},"branchMap":{},"s":{"0":3,"1":3,"2":12,"3":6},"f":{"0":12,"1":6},"b":{},"_coverageSchema":"1a1c01bbd47fc00a2c39e90264f33305004495a9","hash":"1d2ad6236665bbf3695f89bdbe85b132b98e6dcd"}
,"/Users/harrison/Desktop/Hack Reactor/Harrison_Nordstrom_Looks/react-client/src/components/Look.jsx": {"path":"/Users/harrison/Desktop/Hack Reactor/Harrison_Nordstrom_Looks/react-client/src/components/Look.jsx","statementMap":{"0":{"start":{"line":7,"column":18},"end":{"line":10,"column":1}},"1":{"start":{"line":11,"column":18},"end":{"line":18,"column":1}},"2":{"start":{"line":19,"column":19},"end":{"line":24,"column":1}},"3":{"start":{"line":28,"column":4},"end":{"line":28,"column":17}},"4":{"start":{"line":29,"column":4},"end":{"line":32,"column":6}},"5":{"start":{"line":33,"column":4},"end":{"line":33,"column":51}},"6":{"start":{"line":34,"column":4},"end":{"line":34,"column":49}},"7":{"start":{"line":35,"column":4},"end":{"line":35,"column":59}},"8":{"start":{"line":39,"column":4},"end":{"line":39,"column":45}},"9":{"start":{"line":43,"column":4},"end":{"line":47,"column":7}},"10":{"start":{"line":44,"column":6},"end":{"line":46,"column":8}},"11":{"start":{"line":48,"column":4},"end":{"line":48,"column":45}},"12":{"start":{"line":52,"column":4},"end":{"line":72,"column":9}},"13":{"start":{"line":58,"column":23},"end":{"line":58,"column":36}},"14":{"start":{"line":59,"column":22},"end":{"line":59,"column":24}},"15":{"start":{"line":60,"column":8},"end":{"line":65,"column":9}},"16":{"start":{"line":60,"column":21},"end":{"line":60,"column":22}},"17":{"start":{"line":61,"column":10},"end":{"line":63,"column":11}},"18":{"start":{"line":62,"column":12},"end":{"line":62,"column":43}},"19":{"start":{"line":64,"column":10},"end":{"line":64,"column":54}},"20":{"start":{"line":66,"column":23},"end":{"line":66,"column":45}},"21":{"start":{"line":67,"column":8},"end":{"line":67,"column":69}},"22":{"start":{"line":67,"column":44},"end":{"line":67,"column":67}},"23":{"start":{"line":76,"column":4},"end":{"line":76,"column":42}},"24":{"start":{"line":81,"column":16},"end":{"line":81,"column":38}},"25":{"start":{"line":82,"column":14},"end":{"line":87,"column":5}},"26":{"start":{"line":83,"column":6},"end":{"line":85,"column":8}},"27":{"start":{"line":88,"column":4},"end":{"line":98,"column":6}},"28":{"start":{"line":94,"column":36},"end":{"line":94,"column":54}}},"fnMap":{"0":{"name":"(anonymous_0)","decl":{"start":{"line":27,"column":2},"end":{"line":27,"column":3}},"loc":{"start":{"line":27,"column":21},"end":{"line":36,"column":3}},"line":27},"1":{"name":"(anonymous_1)","decl":{"start":{"line":38,"column":2},"end":{"line":38,"column":3}},"loc":{"start":{"line":38,"column":22},"end":{"line":40,"column":3}},"line":38},"2":{"name":"(anonymous_2)","decl":{"start":{"line":42,"column":2},"end":{"line":42,"column":3}},"loc":{"start":{"line":42,"column":15},"end":{"line":49,"column":3}},"line":42},"3":{"name":"(anonymous_3)","decl":{"start":{"line":43,"column":18},"end":{"line":43,"column":19}},"loc":{"start":{"line":43,"column":33},"end":{"line":47,"column":5}},"line":43},"4":{"name":"(anonymous_4)","decl":{"start":{"line":51,"column":2},"end":{"line":51,"column":3}},"loc":{"start":{"line":51,"column":18},"end":{"line":73,"column":3}},"line":51},"5":{"name":"(anonymous_5)","decl":{"start":{"line":57,"column":12},"end":{"line":57,"column":13}},"loc":{"start":{"line":57,"column":26},"end":{"line":68,"column":7}},"line":57},"6":{"name":"(anonymous_6)","decl":{"start":{"line":67,"column":40},"end":{"line":67,"column":41}},"loc":{"start":{"line":67,"column":44},"end":{"line":67,"column":67}},"line":67},"7":{"name":"(anonymous_7)","decl":{"start":{"line":69,"column":13},"end":{"line":69,"column":14}},"loc":{"start":{"line":69,"column":22},"end":{"line":72,"column":7}},"line":69},"8":{"name":"(anonymous_8)","decl":{"start":{"line":75,"column":2},"end":{"line":75,"column":3}},"loc":{"start":{"line":75,"column":20},"end":{"line":77,"column":3}},"line":75},"9":{"name":"(anonymous_9)","decl":{"start":{"line":80,"column":2},"end":{"line":80,"column":3}},"loc":{"start":{"line":80,"column":11},"end":{"line":99,"column":3}},"line":80},"10":{"name":"(anonymous_10)","decl":{"start":{"line":82,"column":24},"end":{"line":82,"column":25}},"loc":{"start":{"line":82,"column":35},"end":{"line":86,"column":5}},"line":82},"11":{"name":"(anonymous_11)","decl":{"start":{"line":94,"column":29},"end":{"line":94,"column":30}},"loc":{"start":{"line":94,"column":34},"end":{"line":94,"column":56}},"line":94}},"branchMap":{"0":{"loc":{"start":{"line":61,"column":10},"end":{"line":63,"column":11}},"type":"if","locations":[{"start":{"line":61,"column":10},"end":{"line":63,"column":11}},{"start":{"line":61,"column":10},"end":{"line":63,"column":11}}],"line":61}},"s":{"0":2,"1":2,"2":2,"3":4,"4":4,"5":4,"6":4,"7":4,"8":5,"9":0,"10":0,"11":0,"12":4,"13":0,"14":0,"15":0,"16":0,"17":0,"18":0,"19":0,"20":0,"21":0,"22":0,"23":4,"24":4,"25":4,"26":0,"27":4,"28":0},"f":{"0":4,"1":5,"2":0,"3":0,"4":4,"5":0,"6":0,"7":0,"8":4,"9":4,"10":0,"11":0},"b":{"0":[0,0]},"_coverageSchema":"1a1c01bbd47fc00a2c39e90264f33305004495a9","hash":"b306651e4fe7c039e9bee86338508dec0a6659f4"}
,"/Users/harrison/Desktop/Hack Reactor/Harrison_Nordstrom_Looks/react-client/src/components/Picture.jsx": {"path":"/Users/harrison/Desktop/Hack Reactor/Harrison_Nordstrom_Looks/react-client/src/components/Picture.jsx","statementMap":{"0":{"start":{"line":4,"column":16},"end":{"line":9,"column":1}},"1":{"start":{"line":10,"column":16},"end":{"line":13,"column":1}},"2":{"start":{"line":15,"column":17},"end":{"line":23,"column":1}},"3":{"start":{"line":16,"column":2},"end":{"line":22,"column":4}}},"fnMap":{"0":{"name":"(anonymous_0)","decl":{"start":{"line":15,"column":17},"end":{"line":15,"column":18}},"loc":{"start":{"line":15,"column":28},"end":{"line":23,"column":1}},"line":15}},"branchMap":{},"s":{"0":3,"1":3,"2":3,"3":36},"f":{"0":36},"b":{},"_coverageSchema":"1a1c01bbd47fc00a2c39e90264f33305004495a9","hash":"88287e421d36c17b43c392a33f1efa28b34a12e1"}
,"/Users/harrison/Desktop/Hack Reactor/Harrison_Nordstrom_Looks/react-client/src/components/RightArrow.jsx": {"path":"/Users/harrison/Desktop/Hack Reactor/Harrison_Nordstrom_Looks/react-client/src/components/RightArrow.jsx","statementMap":{"0":{"start":{"line":4,"column":14},"end":{"line":17,"column":1}},"1":{"start":{"line":19,"column":19},"end":{"line":25,"column":1}},"2":{"start":{"line":20,"column":2},"end":{"line":24,"column":4}},"3":{"start":{"line":21,"column":26},"end":{"line":21,"column":45}}},"fnMap":{"0":{"name":"(anonymous_0)","decl":{"start":{"line":19,"column":19},"end":{"line":19,"column":20}},"loc":{"start":{"line":19,"column":30},"end":{"line":25,"column":1}},"line":19},"1":{"name":"(anonymous_1)","decl":{"start":{"line":21,"column":20},"end":{"line":21,"column":21}},"loc":{"start":{"line":21,"column":24},"end":{"line":21,"column":47}},"line":21}},"branchMap":{},"s":{"0":3,"1":3,"2":12,"3":4},"f":{"0":12,"1":4},"b":{},"_coverageSchema":"1a1c01bbd47fc00a2c39e90264f33305004495a9","hash":"a91f24566d50d90f16dfdff0cf1baef0def8c60f"}
}
