TN:
SF:react-client/src/components/App.jsx
FN:4,(anonymous_0)
FNF:1
FNH:1
FNDA:1,(anonymous_0)
DA:4,1
DA:5,1
LF:2
LH:2
BRF:0
BRH:0
end_of_record
TN:
SF:react-client/src/components/Carousel.jsx
FN:19,(anonymous_0)
FN:32,(anonymous_1)
FN:39,(anonymous_2)
FN:48,(anonymous_3)
FN:51,(anonymous_4)
FN:54,(anonymous_5)
FN:57,(anonymous_6)
FN:61,(anonymous_7)
FN:79,(anonymous_8)
FNF:9
FNH:9
FNDA:4,(anonymous_0)
FNDA:4,(anonymous_1)
FNDA:9,(anonymous_2)
FNDA:6,(anonymous_3)
FNDA:4,(anonymous_4)
FNDA:4,(anonymous_5)
FNDA:4,(anonymous_6)
FNDA:13,(anonymous_7)
FNDA:39,(anonymous_8)
DA:7,3
DA:20,4
DA:21,4
DA:22,4
DA:29,4
DA:30,4
DA:33,4
DA:34,1
DA:36,4
DA:41,9
DA:42,9
DA:43,9
DA:44,0
DA:49,6
DA:50,6
DA:51,4
DA:55,4
DA:56,4
DA:57,4
DA:62,13
DA:65,13
DA:71,13
DA:72,6
DA:73,6
DA:75,13
DA:76,13
DA:80,39
LF:27
LH:26
BRDA:21,0,0,1
BRDA:21,0,1,3
BRDA:33,1,0,1
BRDA:33,1,1,3
BRDA:41,2,0,5
BRDA:41,2,1,4
BRDA:43,3,0,0
BRDA:43,3,1,9
BRDA:50,4,0,4
BRDA:50,4,1,2
BRDA:56,5,0,4
BRDA:56,5,1,0
BRDA:71,6,0,6
BRDA:71,6,1,7
BRF:14
BRH:12
end_of_record
TN:
SF:react-client/src/components/LeftArrow.jsx
FN:19,(anonymous_0)
FN:21,(anonymous_1)
FNF:2
FNH:2
FNDA:12,(anonymous_0)
FNDA:6,(anonymous_1)
DA:4,3
DA:19,3
DA:20,12
DA:21,6
LF:4
LH:4
BRF:0
BRH:0
end_of_record
TN:
SF:react-client/src/components/Look.jsx
FN:27,(anonymous_0)
FN:38,(anonymous_1)
FN:42,(anonymous_2)
FN:43,(anonymous_3)
FN:51,(anonymous_4)
FN:57,(anonymous_5)
FN:67,(anonymous_6)
FN:69,(anonymous_7)
FN:75,(anonymous_8)
FN:80,(anonymous_9)
FN:82,(anonymous_10)
FN:94,(anonymous_11)
FNF:12
FNH:5
FNDA:4,(anonymous_0)
FNDA:5,(anonymous_1)
FNDA:0,(anonymous_2)
FNDA:0,(anonymous_3)
FNDA:4,(anonymous_4)
FNDA:0,(anonymous_5)
FNDA:0,(anonymous_6)
FNDA:0,(anonymous_7)
FNDA:4,(anonymous_8)
FNDA:4,(anonymous_9)
FNDA:0,(anonymous_10)
FNDA:0,(anonymous_11)
DA:7,2
DA:11,2
DA:19,2
DA:28,4
DA:29,4
DA:33,4
DA:34,4
DA:35,4
DA:39,5
DA:43,0
DA:44,0
DA:48,0
DA:52,4
DA:58,0
DA:59,0
DA:60,0
DA:61,0
DA:62,0
DA:64,0
DA:66,0
DA:67,0
DA:76,4
DA:81,4
DA:82,4
DA:83,0
DA:88,4
DA:94,0
LF:27
LH:14
BRDA:61,0,0,0
BRDA:61,0,1,0
BRF:2
BRH:0
end_of_record
TN:
SF:react-client/src/components/Picture.jsx
FN:15,(anonymous_0)
FNF:1
FNH:1
FNDA:36,(anonymous_0)
DA:4,3
DA:10,3
DA:15,3
DA:16,36
LF:4
LH:4
BRF:0
BRH:0
end_of_record
TN:
SF:react-client/src/components/RightArrow.jsx
FN:19,(anonymous_0)
FN:21,(anonymous_1)
FNF:2
FNH:2
FNDA:12,(anonymous_0)
FNDA:4,(anonymous_1)
DA:4,3
DA:19,3
DA:20,12
DA:21,4
LF:4
LH:4
BRF:0
BRH:0
end_of_record
